<?xml version="1.0" encoding="UTF-8"?>
<TestRun id="4036c3f1-9685-480d-a152-ee33747c1889" name="JAY@786DKT9 2018-06-15 11:26:38" runUser="786DKT9\JAY" xmlns="http://microsoft.com/schemas/VisualStudio/TeamTest/2010">
  <TestSettings name="Default Test Settings" id="aa276d77-3c53-4f00-9a1f-47691a804663">
    <Deployment runDeploymentRoot="JAY_786DKT9 2018-06-15 11_26_38">
      <DeploymentItem filename="F:\ViaVarejo\packages\Microsoft.AspNet.WebApi.Core.4.0.20710.0\lib\net40\System.Web.Http.dll" />
      <DeploymentItem filename="F:\ViaVarejo\packages\Microsoft.AspNet.Mvc.4.0.20710.0\lib\net40\System.Web.Mvc.dll" />
      <DeploymentItem filename="F:\ViaVarejo\packages\Microsoft.Web.Infrastructure.1.0.0.0\lib\net40\Microsoft.Web.Infrastructure.dll" />
      <DeploymentItem filename="F:\ViaVarejo\packages\Microsoft.AspNet.WebApi.Client.4.0.20710.0\lib\net40\System.Net.Http.Formatting.dll" />
      <DeploymentItem filename="F:\ViaVarejo\packages\Microsoft.AspNet.WebPages.2.0.20710.0\lib\net40\System.Web.WebPages.dll" />
      <DeploymentItem filename="F:\ViaVarejo\packages\Microsoft.Net.Http.2.0.20710.0\lib\net40\System.Net.Http.dll" />
      <DeploymentItem filename="F:\ViaVarejo\packages\Microsoft.Net.Http.2.0.20710.0\lib\net40\System.Net.Http.WebRequest.dll" />
      <DeploymentItem filename="F:\ViaVarejo\Backend.Models\bin\Debug\Backend.Models.dll" />
      <DeploymentItem filename="F:\ViaVarejo\packages\Microsoft.AspNet.WebPages.2.0.20710.0\lib\net40\System.Web.Helpers.dll" />
      <DeploymentItem filename="F:\ViaVarejo\packages\Microsoft.AspNet.WebPages.2.0.20710.0\lib\net40\System.Web.WebPages.Deployment.dll" />
      <DeploymentItem filename="F:\ViaVarejo\packages\Newtonsoft.Json.4.5.6\lib\net40\Newtonsoft.Json.dll" />
      <DeploymentItem filename="F:\ViaVarejo\packages\Microsoft.AspNet.Razor.2.0.20710.0\lib\net40\System.Web.Razor.dll" />
      <DeploymentItem filename="F:\ViaVarejo\packages\Microsoft.AspNet.WebPages.2.0.20710.0\lib\net40\System.Web.WebPages.Razor.dll" />
      <DeploymentItem filename="F:\ViaVarejo\Backend.Services\bin\Backend.Services.dll" />
      <DeploymentItem filename="F:\ViaVarejo\packages\Microsoft.AspNet.WebApi.WebHost.4.0.20710.0\lib\net40\System.Web.Http.WebHost.dll" />
    </Deployment>
    <Execution>
      <TestTypeSpecific />
      <AgentRule name="Execution Agents">
      </AgentRule>
    </Execution>
  </TestSettings>
  <Times creation="2018-06-15T11:26:38.4788980-03:00" queuing="2018-06-15T11:26:41.1153026-03:00" start="2018-06-15T11:26:41.2557029-03:00" finish="2018-06-15T11:26:44.6409088-03:00" />
  <ResultSummary outcome="Completed">
    <Counters total="1" executed="1" passed="1" error="0" failed="0" timeout="0" aborted="0" inconclusive="0" passedButRunAborted="0" notRunnable="0" notExecuted="0" disconnected="0" warning="0" completed="0" inProgress="0" pending="0" />
  </ResultSummary>
  <TestDefinitions>
    <UnitTest name="Create" storage="f:\viavarejo\backend.tests\bin\debug\backend.tests.dll" priority="1" id="a0833f09-6d25-217b-b042-79327f1c14eb">
      <Execution id="1f057802-cb6c-479c-8308-0a444602ba66" />
      <TestMethod codeBase="F:/ViaVarejo/Backend.Tests/bin/Debug/Backend.Tests.DLL" adapterTypeName="Microsoft.VisualStudio.TestTools.TestTypes.Unit.UnitTestAdapter, Microsoft.VisualStudio.QualityTools.Tips.UnitTest.Adapter, Version=10.0.0.0, Culture=neutral, PublicKeyToken=b03f5f7f11d50a3a" className="Backend.Tests.AmigosControllerTest, Backend.Tests, Version=1.0.0.0, Culture=neutral, PublicKeyToken=null" name="Create" />
    </UnitTest>
  </TestDefinitions>
  <TestLists>
    <TestList name="Results Not in a List" id="8c84fa94-04c1-424b-9868-57a2d4851a1d" />
    <TestList name="All Loaded Results" id="19431567-8539-422a-85d7-44ee4e166bda" />
  </TestLists>
  <TestEntries>
    <TestEntry testId="a0833f09-6d25-217b-b042-79327f1c14eb" executionId="1f057802-cb6c-479c-8308-0a444602ba66" testListId="8c84fa94-04c1-424b-9868-57a2d4851a1d" />
  </TestEntries>
  <Results>
    <UnitTestResult executionId="1f057802-cb6c-479c-8308-0a444602ba66" testId="a0833f09-6d25-217b-b042-79327f1c14eb" testName="Create" computerName="786DKT9" duration="00:00:01.0514906" startTime="2018-06-15T11:26:41.3337030-03:00" endTime="2018-06-15T11:26:42.9249058-03:00" testType="13cdc9d9-ddb5-4fa4-a97d-d965ccfc6d4b" outcome="Passed" testListId="8c84fa94-04c1-424b-9868-57a2d4851a1d" relativeResultsDirectory="1f057802-cb6c-479c-8308-0a444602ba66">
    </UnitTestResult>
  </Results>
</TestRun>